proguard/seeds.txt
com.twinone.locker.ChangePasswordActivity
com.twinone.locker.ChangePasswordActivity: ChangePasswordActivity()
com.twinone.locker.DieLockActivity
com.twinone.locker.DieLockActivity: DieLockActivity()
com.twinone.locker.LockActivity
com.twinone.locker.LockActivity: LockActivity()
com.twinone.locker.LockActivityBase: LockActivityBase()
com.twinone.locker.LockActivityBase: void onClick(android.view.View)
com.twinone.locker.MainActivity
com.twinone.locker.MainActivity: MainActivity()
com.twinone.locker.MainActivity: void onClick(android.view.View)
com.twinone.locker.ObserverService
com.twinone.locker.ObserverService: ObserverService()
com.twinone.locker.R$anim: int fade_in
com.twinone.locker.R$anim: int fade_out
com.twinone.locker.R$color: int blue_dark
com.twinone.locker.R$color: int blue_light
com.twinone.locker.R$dimen: int activity_horizontal_margin
com.twinone.locker.R$dimen: int activity_vertical_margin
com.twinone.locker.R$dimen: int footerscroll_vertical_padding
com.twinone.locker.R$dimen: int image_right_margin
com.twinone.locker.R$dimen: int locker_button_margin
com.twinone.locker.R$dimen: int locker_button_radius
com.twinone.locker.R$dimen: int locker_button_small
com.twinone.locker.R$dimen: int locker_button_text_size
com.twinone.locker.R$dimen: int main_horizontal_padding
com.twinone.locker.R$dimen: int main_vertical_padding
com.twinone.locker.R$dimen: int password_bottom_margin
com.twinone.locker.R$dimen: int password_horizontal_padding
com.twinone.locker.R$dimen: int password_top_margin
com.twinone.locker.R$drawable: int applist_button_background
com.twinone.locker.R$drawable: int background_dark
com.twinone.locker.R$drawable: int background_light
com.twinone.locker.R$drawable: int ic_launcher
com.twinone.locker.R$drawable: int toggle_button_dark
com.twinone.locker.R$id: int action_settings
com.twinone.locker.R$id: int b0
com.twinone.locker.R$id: int b1
com.twinone.locker.R$id: int b2
com.twinone.locker.R$id: int b3
com.twinone.locker.R$id: int b4
com.twinone.locker.R$id: int b5
com.twinone.locker.R$id: int b6
com.twinone.locker.R$id: int b7
com.twinone.locker.R$id: int b8
com.twinone.locker.R$id: int b9
com.twinone.locker.R$id: int bBack
com.twinone.locker.R$id: int bChangeMessage
com.twinone.locker.R$id: int bChangePassword
com.twinone.locker.R$id: int bOK
com.twinone.locker.R$id: int bSelect
com.twinone.locker.R$id: int bToggleService
com.twinone.locker.R$id: int ivAppIcon
com.twinone.locker.R$id: int listIcon
com.twinone.locker.R$id: int listLocked
com.twinone.locker.R$id: int listName
com.twinone.locker.R$id: int llLockerRoot
com.twinone.locker.R$id: int llThumbnail
com.twinone.locker.R$id: int lvAppList
com.twinone.locker.R$id: int tvFooter
com.twinone.locker.R$id: int tvHeader
com.twinone.locker.R$id: int tvPassword
com.twinone.locker.R$layout: int activity_applist
com.twinone.locker.R$layout: int activity_locker
com.twinone.locker.R$layout: int activity_main
com.twinone.locker.R$layout: int applist_item
com.twinone.locker.R$menu: int main
...
android.support.v4.app.BackStackState
android.support.v4.app.BackStackState: android.os.Parcelable$Creator CREATOR
android.support.v4.app.Fragment$SavedState
android.support.v4.app.Fragment$SavedState: android.os.Parcelable$Creator CREATOR
android.support.v4.app.FragmentManagerState
android.support.v4.app.FragmentManagerState: android.os.Parcelable$Creator CREATOR
android.support.v4.app.FragmentState
android.support.v4.app.FragmentState: android.os.Parcelable$Creator CREATOR
android.support.v4.app.FragmentTabHost: void setOnTabChangedListener(android.widget.TabHost$OnTabChangeListener)
android.support.v4.app.FragmentTabHost$SavedState
android.support.v4.app.FragmentTabHost$SavedState: android.os.Parcelable$Creator CREATOR
android.support.v4.content.ModernAsyncTask$Status: android.support.v4.content.ModernAsyncTask$Status[] values()
android.support.v4.content.ModernAsyncTask$Status: android.support.v4.content.ModernAsyncTask$Status valueOf(java.lang.String)
android.support.v4.view.PagerTabStrip: void setTabIndicatorColor(int)
android.support.v4.view.PagerTabStrip: void setTabIndicatorColorResource(int)
android.support.v4.view.PagerTabStrip: int getTabIndicatorColor()
android.support.v4.view.PagerTabStrip: void setTextSpacing(int)
android.support.v4.view.PagerTabStrip: void setBackgroundDrawable(android.graphics.drawable.Drawable)
android.support.v4.view.PagerTabStrip: void setBackgroundColor(int)
android.support.v4.view.PagerTabStrip: void setBackgroundResource(int)
android.support.v4.view.PagerTabStrip: void setDrawFullUnderline(boolean)
android.support.v4.view.PagerTabStrip: boolean getDrawFullUnderline()
android.support.v4.view.PagerTabStrip: int getMinHeight()
android.support.v4.view.PagerTitleStrip: void setSingleLineAllCaps(android.widget.TextView)
android.support.v4.view.PagerTitleStrip: void setTextSpacing(int)
android.support.v4.view.PagerTitleStrip: int getTextSpacing()
android.support.v4.view.PagerTitleStrip: void setNonPrimaryAlpha(float)
android.support.v4.view.PagerTitleStrip: void setTextColor(int)
android.support.v4.view.PagerTitleStrip: void setGravity(int)
android.support.v4.view.PagerTitleStrip: int getMinHeight()
android.support.v4.view.ViewPager: void setScrollState(int)
android.support.v4.view.ViewPager: void setAdapter(android.support.v4.view.PagerAdapter)
android.support.v4.view.ViewPager: android.support.v4.view.PagerAdapter getAdapter()
android.support.v4.view.ViewPager: void setOnAdapterChangeListener(android.support.v4.view.ViewPager$OnAdapterChangeListener)
android.support.v4.view.ViewPager: int getClientWidth()
android.support.v4.view.ViewPager: void setCurrentItem(int)
android.support.v4.view.ViewPager: int getCurrentItem()
android.support.v4.view.ViewPager: void setOnPageChangeListener(android.support.v4.view.ViewPager$OnPageChangeListener)
android.support.v4.view.ViewPager: void setChildrenDrawingOrderEnabledCompat(boolean)
android.support.v4.view.ViewPager: int getOffscreenPageLimit()
android.support.v4.view.ViewPager: void setOffscreenPageLimit(int)
android.support.v4.view.ViewPager: void setPageMargin(int)
android.support.v4.view.ViewPager: int getPageMargin()
android.support.v4.view.ViewPager: void setPageMarginDrawable(android.graphics.drawable.Drawable)
android.support.v4.view.ViewPager: void setPageMarginDrawable(int)
android.support.v4.view.ViewPager: void setScrollingCacheEnabled(boolean)
android.support.v4.view.ViewPager$SavedState
android.support.v4.view.ViewPager$SavedState: android.os.Parcelable$Creator CREATOR
android.support.v4.widget.DrawerLayout: void setScrimColor(int)
android.support.v4.widget.DrawerLayout: void setDrawerListener(android.support.v4.widget.DrawerLayout$DrawerListener)
android.support.v4.widget.DrawerLayout: void setDrawerLockMode(int)
android.support.v4.widget.DrawerLayout$SavedState
android.support.v4.widget.DrawerLayout$SavedState: android.os.Parcelable$Creator CREATOR