proguard/mapping.txt
com.twinone.locker.AppAdapter -> com.twinone.locker.a:
    android.view.LayoutInflater mInflater -> a
    android.content.pm.PackageManager mPm -> b
    java.util.List mApps -> c
    java.lang.String mPackageName -> d
    void notifyDataSetChanged() -> notifyDataSetChanged
    void loadAppsIntoList(android.content.Context) -> a
    void updateLockSwitches(android.content.Context) -> b
    int getCount() -> getCount
    java.lang.Object getItem(int) -> getItem
    long getItemId(int) -> getItemId
    android.view.View getView(int,android.view.View,android.view.ViewGroup) -> getView
    android.view.View createViewFromResource(int,android.view.View,android.view.ViewGroup,int) -> a
com.twinone.locker.AppAdapter$AppHolder -> com.twinone.locker.b:
    java.lang.String label -> a
    android.content.pm.ResolveInfo ri -> b
    boolean tracked -> c
    com.twinone.locker.AppAdapter this$0 -> d
    boolean equals(java.lang.Object) -> equals
    int hashCode() -> hashCode
    int compareTo(com.twinone.locker.AppAdapter$AppHolder) -> a
    int compareTo(java.lang.Object) -> compareTo
com.twinone.locker.ChangePasswordActivity -> com.twinone.locker.ChangePasswordActivity:
    java.lang.String mPassword -> a
    boolean isFirstPassword -> r
    void onCreate(android.os.Bundle) -> onCreate
    void setupFirst() -> e
    void setupSecond() -> f
    void onOkButton() -> a
    void onPasswordConfirm() -> g
    void onBackPressed() -> onBackPressed
com.twinone.locker.DieLockActivity -> com.twinone.locker.DieLockActivity:
    java.lang.String savedPassword -> a
    void onCreate(android.os.Bundle) -> onCreate
    void onNumberButton(android.view.View) -> a
    void onOkButton() -> a
com.twinone.locker.LockActivity -> com.twinone.locker.LockActivity:
    java.lang.String savedPassword -> r
    com.twinone.locker.LockInfo target -> s
    com.twinone.locker.ObserverService mService -> t
    boolean mBound -> a
    android.content.ServiceConnection mConnection -> u
    void onCreate(android.os.Bundle) -> onCreate
    void onPause() -> onPause
    void onStart() -> onStart
    boolean checkPassword(java.lang.String) -> b
    android.content.pm.ApplicationInfo getAI(java.lang.String) -> a
    void onStop() -> onStop
    void onBackPressed() -> onBackPressed
    void onNumberButton(android.view.View) -> a
    void onOkButton() -> a
    void unlock() -> e
    void access$0(com.twinone.locker.LockActivity,com.twinone.locker.ObserverService) -> a
com.twinone.locker.LockActivity$1 -> com.twinone.locker.c:
    com.twinone.locker.LockActivity this$0 -> a
    void onServiceConnected(android.content.ComponentName,android.os.IBinder) -> onServiceConnected
    void onServiceDisconnected(android.content.ComponentName) -> onServiceDisconnected
com.twinone.locker.LockActivityBase -> com.twinone.locker.d:
    android.widget.Button bOK -> b
    android.widget.Button bBack -> c
    android.widget.Button b0 -> d
    android.widget.Button b1 -> e
    android.widget.Button b2 -> f
    android.widget.Button b3 -> g
    android.widget.Button b4 -> h
    android.widget.Button b5 -> i
    android.widget.Button b6 -> j
    android.widget.Button b7 -> k
    android.widget.Button b8 -> l
    android.widget.Button b9 -> m
    android.widget.TextView tvPassword -> n
    android.widget.TextView tvHeader -> o
    android.widget.TextView tvFooter -> p
    android.widget.ImageView ivAppIcon -> q
    void onCreate(android.os.Bundle) -> onCreate
    void initLayout() -> b
    void onClick(android.view.View) -> onClick
    boolean onLongClick(android.view.View) -> onLongClick
    void onNumberButton(android.view.View) -> a
    void onBackButton() -> c
    void onBackButtonLong() -> d
    void onOkButton() -> a
    void onPause() -> onPause
...
android.support.v4.view.GravityCompat$GravityCompatImpl -> android.support.v4.view.b:
    int getAbsoluteGravity(int,int) -> a
android.support.v4.view.GravityCompat$GravityCompatImplBase -> android.support.v4.view.c:
    int getAbsoluteGravity(int,int) -> a
android.support.v4.view.GravityCompat$GravityCompatImplJellybeanMr1 -> android.support.v4.view.d:
    int getAbsoluteGravity(int,int) -> a
android.support.v4.view.GravityCompatJellybeanMr1 -> android.support.v4.view.e:
    int getAbsoluteGravity(int,int) -> a
android.support.v4.view.KeyEventCompat -> android.support.v4.view.f:
    android.support.v4.view.KeyEventCompat$KeyEventVersionImpl IMPL -> a
    boolean hasModifiers(android.view.KeyEvent,int) -> a
    boolean hasNoModifiers(android.view.KeyEvent) -> a
    void startTracking(android.view.KeyEvent) -> b
android.support.v4.view.KeyEventCompat$BaseKeyEventVersionImpl -> android.support.v4.view.g:
    int metaStateFilterDirectionalModifiers(int,int,int,int,int) -> a
    int normalizeMetaState(int) -> a
    boolean metaStateHasModifiers(int,int) -> a
    boolean metaStateHasNoModifiers(int) -> b
    void startTracking(android.view.KeyEvent) -> a
android.support.v4.view.KeyEventCompat$EclairKeyEventVersionImpl -> android.support.v4.view.h:
    void startTracking(android.view.KeyEvent) -> a
android.support.v4.view.KeyEventCompat$HoneycombKeyEventVersionImpl -> android.support.v4.view.i:
    int normalizeMetaState(int) -> a
    boolean metaStateHasModifiers(int,int) -> a
    boolean metaStateHasNoModifiers(int) -> b
android.support.v4.view.KeyEventCompat$KeyEventVersionImpl -> android.support.v4.view.j:
    boolean metaStateHasModifiers(int,int) -> a
    boolean metaStateHasNoModifiers(int) -> b
    void startTracking(android.view.KeyEvent) -> a
android.support.v4.view.KeyEventCompatEclair -> android.support.v4.view.k:
    void startTracking(android.view.KeyEvent) -> a
android.support.v4.view.KeyEventCompatHoneycomb -> android.support.v4.view.l:
    int normalizeMetaState(int) -> a
    boolean metaStateHasModifiers(int,int) -> a
    boolean metaStateHasNoModifiers(int) -> b
android.support.v4.view.MotionEventCompat -> android.support.v4.view.m:
    android.support.v4.view.MotionEventCompat$MotionEventVersionImpl IMPL -> a
    int getActionMasked(android.view.MotionEvent) -> a
    int getActionIndex(android.view.MotionEvent) -> b
    int findPointerIndex(android.view.MotionEvent,int) -> a
    int getPointerId(android.view.MotionEvent,int) -> b
    float getX(android.view.MotionEvent,int) -> c
    float getY(android.view.MotionEvent,int) -> d
    int getPointerCount(android.view.MotionEvent) -> c
android.support.v4.view.MotionEventCompat$BaseMotionEventVersionImpl -> android.support.v4.view.n:
    int findPointerIndex(android.view.MotionEvent,int) -> a
    int getPointerId(android.view.MotionEvent,int) -> b
    float getX(android.view.MotionEvent,int) -> c
    float getY(android.view.MotionEvent,int) -> d
    int getPointerCount(android.view.MotionEvent) -> a
android.support.v4.view.MotionEventCompat$EclairMotionEventVersionImpl -> android.support.v4.view.o:
    int findPointerIndex(android.view.MotionEvent,int) -> a
    int getPointerId(android.view.MotionEvent,int) -> b
    float getX(android.view.MotionEvent,int) -> c
    float getY(android.view.MotionEvent,int) -> d
    int getPointerCount(android.view.MotionEvent) -> a
android.support.v4.view.MotionEventCompat$MotionEventVersionImpl -> android.support.v4.view.p:
    int findPointerIndex(android.view.MotionEvent,int) -> a
    int getPointerId(android.view.MotionEvent,int) -> b
    float getX(android.view.MotionEvent,int) -> c
    float getY(android.view.MotionEvent,int) -> d
    int getPointerCount(android.view.MotionEvent) -> a