proguard/usage.txt
com.twinone.locker.AppAdapter:
    private static final int ITEM_LAYOUT
    83:84:public void sort()
com.twinone.locker.AppAdapter$AppHolder:
    97:101:public AppAdapter$AppHolder(com.twinone.locker.AppAdapter,java.lang.String,android.content.pm.ResolveInfo,boolean)
com.twinone.locker.BuildConfig
com.twinone.locker.ChangePasswordActivity:
    private static final java.lang.String TAG
com.twinone.locker.LockActivity:
    private static final java.lang.String TAG
com.twinone.locker.LockInfo:
    private static final long serialVersionUID
    21:23:public LockInfo(java.lang.String,java.lang.String)
    25:27:public LockInfo(java.lang.String,java.lang.String,boolean)
    29:31:public LockInfo(java.lang.String,boolean)
    40:41:public com.twinone.locker.LockInfo setClassName(java.lang.String)
    45:46:public com.twinone.locker.LockInfo setLock(boolean)
com.twinone.locker.MainActivity:
    private static final java.lang.String TAG
    private static final java.lang.String EXTRA_UNLOCKED
com.twinone.locker.ObserverService:
    public static final java.lang.String EXTRA_MESSAGE
    public static final java.lang.String EXTRA_APPINFO
    public static final java.lang.String TAG
    public static final java.lang.String PREF_FILE_PASSWD
    public static final java.lang.String PREF_KEY_PASSWD
    public static final java.lang.String PREF_DEF_PASSWD
    public static final java.lang.String PREF_KEY_MESSAGE
    private static final java.lang.String PREF_FILE_APPS
    private static final long DELAY_PERFORMANCE
    private static final long DELAY_FAST
    private static final long DELAY_NORMAL
    private static final long DELAY_SLOW
    private static final long DELAY_POWERSAVE
com.twinone.locker.R
com.twinone.locker.R$anim
com.twinone.locker.R$attr
com.twinone.locker.R$color
com.twinone.locker.R$dimen
com.twinone.locker.R$drawable
com.twinone.locker.R$id
com.twinone.locker.R$layout
com.twinone.locker.R$menu
com.twinone.locker.R$string
com.twinone.locker.R$style
com.twinone.locker.Util
...
android.support.v4.view.ViewConfigurationCompat$BaseViewConfigurationVersionImpl
android.support.v4.view.ViewConfigurationCompat$FroyoViewConfigurationVersionImpl
android.support.v4.view.ViewConfigurationCompat$ViewConfigurationVersionImpl
android.support.v4.view.ViewConfigurationCompatFroyo
android.support.v4.view.ViewGroupCompat
android.support.v4.view.ViewGroupCompat$ViewGroupCompatHCImpl
android.support.v4.view.ViewGroupCompat$ViewGroupCompatIcsImpl
android.support.v4.view.ViewGroupCompat$ViewGroupCompatImpl
android.support.v4.view.ViewGroupCompat$ViewGroupCompatStubImpl
android.support.v4.view.ViewGroupCompatHC
android.support.v4.view.ViewGroupCompatIcs
android.support.v4.view.ViewPager:
    private static final java.lang.String TAG
    private static final boolean DEBUG
    private static final boolean USE_CACHE
    private static final int DEFAULT_OFFSCREEN_PAGES
    private static final int MAX_SETTLE_DURATION
    private static final int MIN_DISTANCE_FOR_FLING
    private static final int DEFAULT_GUTTER_SIZE
    private static final int MIN_FLING_VELOCITY
    private boolean mIgnoreGutter
    private static final int INVALID_POINTER
    private static final int CLOSE_ENOUGH
    private long mFakeDragBeginTime
    private static final int DRAW_ORDER_DEFAULT
    private static final int DRAW_ORDER_FORWARD
    private static final int DRAW_ORDER_REVERSE
    public static final int SCROLL_STATE_IDLE
    public static final int SCROLL_STATE_DRAGGING
    public static final int SCROLL_STATE_SETTLING
    342:344:public ViewPager(android.content.Context)
    347:349:public ViewPager(android.content.Context,android.util.AttributeSet)
    352:377:void initViewPager()
    605:617:public void setPageTransformer(boolean,android.support.v4.view.ViewPager$PageTransformer)
    651:653:android.support.v4.view.ViewPager$OnPageChangeListener setInternalPageChangeListener(android.support.v4.view.ViewPager$OnPageChangeListener)
    775:776:void smoothScrollTo(int,int)
    2255:2271:public boolean beginFakeDrag()
    2281:2302:public void endFakeDrag()
    2312:2350:public void fakeDragBy(float)
    2362:2362:public boolean isFakeDragging()
android.support.v4.view.ViewPager$3
android.support.v4.view.ViewPager$MyAccessibilityDelegate
android.support.v4.view.ViewPager$SimpleOnPageChangeListener
android.support.v4.view.accessibility.AccessibilityEventCompat
android.support.v4.view.accessibility.AccessibilityEventCompat$AccessibilityEventIcsImpl
android.support.v4.view.accessibility.AccessibilityEventCompat$AccessibilityEventStubImpl
android.support.v4.view.accessibility.AccessibilityEventCompat$AccessibilityEventVersionImpl
android.support.v4.view.accessibility.AccessibilityEventCompatIcs
android.support.v4.view.accessibility.AccessibilityManagerCompat
android.support.v4.view.accessibility.AccessibilityManagerCompat$AccessibilityManagerIcsImpl
android.support.v4.view.accessibility.AccessibilityManagerCompat$AccessibilityManagerIcsImpl$1
android.support.v4.view.accessibility.AccessibilityManagerCompat$AccessibilityManagerStubImpl
android.support.v4.view.accessibility.AccessibilityManagerCompat$AccessibilityManagerVersionImpl
android.support.v4.view.accessibility.AccessibilityManagerCompat$AccessibilityStateChangeListenerCompat
android.support.v4.view.accessibility.AccessibilityManagerCompatIcs
android.support.v4.view.accessibility.AccessibilityManagerCompatIcs$1
android.support.v4.view.accessibility.AccessibilityManagerCompatIcs$AccessibilityStateChangeListenerBridge
android.support.v4.view.accessibility.AccessibilityNodeInfoCompat
android.support.v4.view.accessibility.AccessibilityNodeInfoCompat$AccessibilityNodeInfoIcsImpl
android.support.v4.view.accessibility.AccessibilityNodeInfoCompat$AccessibilityNodeInfoImpl
android.support.v4.view.accessibility.AccessibilityNodeInfoCompat$AccessibilityNodeInfoJellybeanImpl
android.support.v4.view.accessibility.AccessibilityNodeInfoCompat$AccessibilityNodeInfoStubImpl